1:C 05 Jul 2019 01:40:55.455 # oO0OoO0OoO0Oo Redis is starting oO0OoO0OoO0Oo
1:C 05 Jul 2019 01:40:55.456 # Redis version=5.0.5, bits=64, commit=00000000, modified=0, pid=1, just started
1:C 05 Jul 2019 01:40:55.458 # Configuration loaded
1:C 05 Jul 2019 01:43:08.020 # oO0OoO0OoO0Oo Redis is starting oO0OoO0OoO0Oo
1:C 05 Jul 2019 01:43:08.022 # Redis version=5.0.5, bits=64, commit=00000000, modified=0, pid=1, just started
1:C 05 Jul 2019 01:43:08.024 # Configuration loaded
1:C 05 Jul 2019 01:53:23.128 # oO0OoO0OoO0Oo Redis is starting oO0OoO0OoO0Oo
1:C 05 Jul 2019 01:53:23.131 # Redis version=5.0.5, bits=64, commit=00000000, modified=0, pid=1, just started
1:C 05 Jul 2019 01:53:23.135 # Configuration loaded
1:C 05 Jul 2019 01:54:38.635 # oO0OoO0OoO0Oo Redis is starting oO0OoO0OoO0Oo
1:C 05 Jul 2019 01:54:38.638 # Redis version=5.0.5, bits=64, commit=00000000, modified=0, pid=1, just started
1:C 05 Jul 2019 01:54:38.640 # Configuration loaded
1:C 05 Jul 2019 01:58:05.306 # oO0OoO0OoO0Oo Redis is starting oO0OoO0OoO0Oo
1:C 05 Jul 2019 01:58:05.308 # Redis version=5.0.5, bits=64, commit=00000000, modified=0, pid=1, just started
1:C 05 Jul 2019 01:58:05.310 # Configuration loaded
                _._                                                  
           _.-``__ ''-._                                             
      _.-``    `.  `_.  ''-._           Redis 5.0.5 (00000000/0) 64 bit
  .-`` .-```.  ```\/    _.,_ ''-._                                   
 (    '      ,       .-`  | `,    )     Running in standalone mode
 |`-._`-...-` __...-.``-._|'` _.-'|     Port: 6379
 |    `-._   `._    /     _.-'    |     PID: 1
  `-._    `-._  `-./  _.-'    _.-'                                   
 |`-._`-._    `-.__.-'    _.-'_.-'|                                  
 |    `-._`-._        _.-'_.-'    |           http://redis.io        
  `-._    `-._`-.__.-'_.-'    _.-'                                   
 |`-._`-._    `-.__.-'    _.-'_.-'|                                  
 |    `-._`-._        _.-'_.-'    |                                  
  `-._    `-._`-.__.-'_.-'    _.-'                                   
      `-._    `-.__.-'    _.-'                                       
          `-._        _.-'                                           
              `-.__.-'                                               

1:M 05 Jul 2019 01:58:05.317 # WARNING: The TCP backlog setting of 511 cannot be enforced because /proc/sys/net/core/somaxconn is set to the lower value of 128.
1:M 05 Jul 2019 01:58:05.322 # Server initialized
1:M 05 Jul 2019 01:58:05.325 # WARNING you have Transparent Huge Pages (THP) support enabled in your kernel. This will create latency and memory usage issues with Redis. To fix this issue run the command 'echo never > /sys/kernel/mm/transparent_hugepage/enabled' as root, and add it to your /etc/rc.local in order to retain the setting after a reboot. Redis must be restarted after THP is disabled.
1:M 05 Jul 2019 01:58:05.327 * Ready to accept connections
1:signal-handler (1562292048) Received SIGTERM scheduling shutdown...
1:M 05 Jul 2019 02:00:48.805 # User requested shutdown...
1:M 05 Jul 2019 02:00:48.807 * Saving the final RDB snapshot before exiting.
1:M 05 Jul 2019 02:00:48.810 * DB saved on disk
1:M 05 Jul 2019 02:00:48.812 * Removing the pid file.
1:M 05 Jul 2019 02:00:48.814 # Redis is now ready to exit, bye bye...
1:C 05 Jul 2019 02:00:51.433 # oO0OoO0OoO0Oo Redis is starting oO0OoO0OoO0Oo
1:C 05 Jul 2019 02:00:51.434 # Redis version=5.0.5, bits=64, commit=00000000, modified=0, pid=1, just started
1:C 05 Jul 2019 02:00:51.436 # Configuration loaded
                _._                                                  
           _.-``__ ''-._                                             
      _.-``    `.  `_.  ''-._           Redis 5.0.5 (00000000/0) 64 bit
  .-`` .-```.  ```\/    _.,_ ''-._                                   
 (    '      ,       .-`  | `,    )     Running in standalone mode
 |`-._`-...-` __...-.``-._|'` _.-'|     Port: 6379
 |    `-._   `._    /     _.-'    |     PID: 1
  `-._    `-._  `-./  _.-'    _.-'                                   
 |`-._`-._    `-.__.-'    _.-'_.-'|                                  
 |    `-._`-._        _.-'_.-'    |           http://redis.io        
  `-._    `-._`-.__.-'_.-'    _.-'                                   
 |`-._`-._    `-.__.-'    _.-'_.-'|                                  
 |    `-._`-._        _.-'_.-'    |                                  
  `-._    `-._`-.__.-'_.-'    _.-'                                   
      `-._    `-.__.-'    _.-'                                       
          `-._        _.-'                                           
              `-.__.-'                                               

1:M 05 Jul 2019 02:00:51.440 # WARNING: The TCP backlog setting of 511 cannot be enforced because /proc/sys/net/core/somaxconn is set to the lower value of 128.
1:M 05 Jul 2019 02:00:51.442 # Server initialized
1:M 05 Jul 2019 02:00:51.444 # WARNING you have Transparent Huge Pages (THP) support enabled in your kernel. This will create latency and memory usage issues with Redis. To fix this issue run the command 'echo never > /sys/kernel/mm/transparent_hugepage/enabled' as root, and add it to your /etc/rc.local in order to retain the setting after a reboot. Redis must be restarted after THP is disabled.
1:M 05 Jul 2019 02:00:51.445 * DB loaded from disk: 0.000 seconds
1:M 05 Jul 2019 02:00:51.447 * Ready to accept connections
1:signal-handler (1562292109) Received SIGTERM scheduling shutdown...
1:M 05 Jul 2019 02:01:49.119 # User requested shutdown...
1:M 05 Jul 2019 02:01:49.121 * Saving the final RDB snapshot before exiting.
1:M 05 Jul 2019 02:01:49.124 * DB saved on disk
1:M 05 Jul 2019 02:01:49.126 * Removing the pid file.
1:M 05 Jul 2019 02:01:49.127 # Redis is now ready to exit, bye bye...
1:C 05 Jul 2019 02:02:23.529 # oO0OoO0OoO0Oo Redis is starting oO0OoO0OoO0Oo
1:C 05 Jul 2019 02:02:23.531 # Redis version=5.0.5, bits=64, commit=00000000, modified=0, pid=1, just started
1:C 05 Jul 2019 02:02:23.533 # Configuration loaded
                _._                                                  
           _.-``__ ''-._                                             
      _.-``    `.  `_.  ''-._           Redis 5.0.5 (00000000/0) 64 bit
  .-`` .-```.  ```\/    _.,_ ''-._                                   
 (    '      ,       .-`  | `,    )     Running in standalone mode
 |`-._`-...-` __...-.``-._|'` _.-'|     Port: 6379
 |    `-._   `._    /     _.-'    |     PID: 1
  `-._    `-._  `-./  _.-'    _.-'                                   
 |`-._`-._    `-.__.-'    _.-'_.-'|                                  
 |    `-._`-._        _.-'_.-'    |           http://redis.io        
  `-._    `-._`-.__.-'_.-'    _.-'                                   
 |`-._`-._    `-.__.-'    _.-'_.-'|                                  
 |    `-._`-._        _.-'_.-'    |                                  
  `-._    `-._`-.__.-'_.-'    _.-'                                   
      `-._    `-.__.-'    _.-'                                       
          `-._        _.-'                                           
              `-.__.-'                                               

1:M 05 Jul 2019 02:02:23.537 # WARNING: The TCP backlog setting of 511 cannot be enforced because /proc/sys/net/core/somaxconn is set to the lower value of 128.
1:M 05 Jul 2019 02:02:23.538 # Server initialized
1:M 05 Jul 2019 02:02:23.540 # WARNING you have Transparent Huge Pages (THP) support enabled in your kernel. This will create latency and memory usage issues with Redis. To fix this issue run the command 'echo never > /sys/kernel/mm/transparent_hugepage/enabled' as root, and add it to your /etc/rc.local in order to retain the setting after a reboot. Redis must be restarted after THP is disabled.
1:M 05 Jul 2019 02:02:23.541 * Ready to accept connections
1:signal-handler (1562292275) Received SIGTERM scheduling shutdown...
1:M 05 Jul 2019 02:04:35.719 # User requested shutdown...
1:M 05 Jul 2019 02:04:35.721 * Saving the final RDB snapshot before exiting.
1:M 05 Jul 2019 02:04:35.724 * DB saved on disk
1:M 05 Jul 2019 02:04:35.725 * Removing the pid file.
1:M 05 Jul 2019 02:04:35.726 # Redis is now ready to exit, bye bye...
1:C 05 Jul 2019 02:05:11.690 # oO0OoO0OoO0Oo Redis is starting oO0OoO0OoO0Oo
1:C 05 Jul 2019 02:05:11.693 # Redis version=5.0.5, bits=64, commit=00000000, modified=0, pid=1, just started
1:C 05 Jul 2019 02:05:11.695 # Configuration loaded
                _._                                                  
           _.-``__ ''-._                                             
      _.-``    `.  `_.  ''-._           Redis 5.0.5 (00000000/0) 64 bit
  .-`` .-```.  ```\/    _.,_ ''-._                                   
 (    '      ,       .-`  | `,    )     Running in standalone mode
 |`-._`-...-` __...-.``-._|'` _.-'|     Port: 6379
 |    `-._   `._    /     _.-'    |     PID: 1
  `-._    `-._  `-./  _.-'    _.-'                                   
 |`-._`-._    `-.__.-'    _.-'_.-'|                                  
 |    `-._`-._        _.-'_.-'    |           http://redis.io        
  `-._    `-._`-.__.-'_.-'    _.-'                                   
 |`-._`-._    `-.__.-'    _.-'_.-'|                                  
 |    `-._`-._        _.-'_.-'    |                                  
  `-._    `-._`-.__.-'_.-'    _.-'                                   
      `-._    `-.__.-'    _.-'                                       
          `-._        _.-'                                           
              `-.__.-'                                               

1:M 05 Jul 2019 02:05:11.699 # WARNING: The TCP backlog setting of 511 cannot be enforced because /proc/sys/net/core/somaxconn is set to the lower value of 128.
1:M 05 Jul 2019 02:05:11.700 # Server initialized
1:M 05 Jul 2019 02:05:11.702 # WARNING you have Transparent Huge Pages (THP) support enabled in your kernel. This will create latency and memory usage issues with Redis. To fix this issue run the command 'echo never > /sys/kernel/mm/transparent_hugepage/enabled' as root, and add it to your /etc/rc.local in order to retain the setting after a reboot. Redis must be restarted after THP is disabled.
1:M 05 Jul 2019 02:05:11.704 * Ready to accept connections
1:M 05 Jul 2019 02:20:12.063 * 1 changes in 900 seconds. Saving...
1:M 05 Jul 2019 02:20:12.066 * Background saving started by pid 15
15:C 05 Jul 2019 02:20:12.072 * DB saved on disk
15:C 05 Jul 2019 02:20:12.074 * RDB: 0 MB of memory used by copy-on-write
1:M 05 Jul 2019 02:20:12.177 * Background saving terminated with success
1:M 05 Jul 2019 02:42:56.820 * 1 changes in 900 seconds. Saving...
1:M 05 Jul 2019 02:42:56.829 * Background saving started by pid 16
16:C 05 Jul 2019 02:42:56.834 * DB saved on disk
16:C 05 Jul 2019 02:42:56.841 * RDB: 0 MB of memory used by copy-on-write
1:M 05 Jul 2019 02:42:56.933 * Background saving terminated with success
1:M 05 Jul 2019 02:57:57.048 * 1 changes in 900 seconds. Saving...
1:M 05 Jul 2019 02:57:57.052 * Background saving started by pid 17
17:C 05 Jul 2019 02:57:57.056 * DB saved on disk
17:C 05 Jul 2019 02:57:57.058 * RDB: 0 MB of memory used by copy-on-write
1:M 05 Jul 2019 02:57:57.156 * Background saving terminated with success
1:C 05 Jul 2019 05:57:40.887 # oO0OoO0OoO0Oo Redis is starting oO0OoO0OoO0Oo
1:C 05 Jul 2019 05:57:40.898 # Redis version=5.0.5, bits=64, commit=00000000, modified=0, pid=1, just started
1:C 05 Jul 2019 05:57:40.901 # Configuration loaded
                _._                                                  
           _.-``__ ''-._                                             
      _.-``    `.  `_.  ''-._           Redis 5.0.5 (00000000/0) 64 bit
  .-`` .-```.  ```\/    _.,_ ''-._                                   
 (    '      ,       .-`  | `,    )     Running in standalone mode
 |`-._`-...-` __...-.``-._|'` _.-'|     Port: 6379
 |    `-._   `._    /     _.-'    |     PID: 1
  `-._    `-._  `-./  _.-'    _.-'                                   
 |`-._`-._    `-.__.-'    _.-'_.-'|                                  
 |    `-._`-._        _.-'_.-'    |           http://redis.io        
  `-._    `-._`-.__.-'_.-'    _.-'                                   
 |`-._`-._    `-.__.-'    _.-'_.-'|                                  
 |    `-._`-._        _.-'_.-'    |                                  
  `-._    `-._`-.__.-'_.-'    _.-'                                   
      `-._    `-.__.-'    _.-'                                       
          `-._        _.-'                                           
              `-.__.-'                                               

1:M 05 Jul 2019 05:57:40.915 # WARNING: The TCP backlog setting of 511 cannot be enforced because /proc/sys/net/core/somaxconn is set to the lower value of 128.
1:M 05 Jul 2019 05:57:40.919 # Server initialized
1:M 05 Jul 2019 05:57:40.924 # WARNING you have Transparent Huge Pages (THP) support enabled in your kernel. This will create latency and memory usage issues with Redis. To fix this issue run the command 'echo never > /sys/kernel/mm/transparent_hugepage/enabled' as root, and add it to your /etc/rc.local in order to retain the setting after a reboot. Redis must be restarted after THP is disabled.
1:M 05 Jul 2019 05:57:40.935 * DB loaded from disk: 0.005 seconds
1:M 05 Jul 2019 05:57:40.937 * Ready to accept connections
1:M 05 Jul 2019 06:12:41.033 * 1 changes in 900 seconds. Saving...
1:M 05 Jul 2019 06:12:41.036 * Background saving started by pid 15
15:C 05 Jul 2019 06:12:41.038 * DB saved on disk
15:C 05 Jul 2019 06:12:41.040 * RDB: 0 MB of memory used by copy-on-write
1:M 05 Jul 2019 06:12:41.139 * Background saving terminated with success
1:M 05 Jul 2019 06:27:42.110 * 1 changes in 900 seconds. Saving...
1:M 05 Jul 2019 06:27:42.115 * Background saving started by pid 16
16:C 05 Jul 2019 06:27:42.116 * DB saved on disk
16:C 05 Jul 2019 06:27:42.118 * RDB: 0 MB of memory used by copy-on-write
1:M 05 Jul 2019 06:27:42.218 * Background saving terminated with success
1:C 08 Jul 2019 01:01:13.061 # oO0OoO0OoO0Oo Redis is starting oO0OoO0OoO0Oo
1:C 08 Jul 2019 01:01:13.065 # Redis version=5.0.5, bits=64, commit=00000000, modified=0, pid=1, just started
1:C 08 Jul 2019 01:01:13.073 # Configuration loaded
                _._                                                  
           _.-``__ ''-._                                             
      _.-``    `.  `_.  ''-._           Redis 5.0.5 (00000000/0) 64 bit
  .-`` .-```.  ```\/    _.,_ ''-._                                   
 (    '      ,       .-`  | `,    )     Running in standalone mode
 |`-._`-...-` __...-.``-._|'` _.-'|     Port: 6379
 |    `-._   `._    /     _.-'    |     PID: 1
  `-._    `-._  `-./  _.-'    _.-'                                   
 |`-._`-._    `-.__.-'    _.-'_.-'|                                  
 |    `-._`-._        _.-'_.-'    |           http://redis.io        
  `-._    `-._`-.__.-'_.-'    _.-'                                   
 |`-._`-._    `-.__.-'    _.-'_.-'|                                  
 |    `-._`-._        _.-'_.-'    |                                  
  `-._    `-._`-.__.-'_.-'    _.-'                                   
      `-._    `-.__.-'    _.-'                                       
          `-._        _.-'                                           
              `-.__.-'                                               

1:M 08 Jul 2019 01:01:13.087 # WARNING: The TCP backlog setting of 511 cannot be enforced because /proc/sys/net/core/somaxconn is set to the lower value of 128.
1:M 08 Jul 2019 01:01:13.091 # Server initialized
1:M 08 Jul 2019 01:01:13.095 # WARNING you have Transparent Huge Pages (THP) support enabled in your kernel. This will create latency and memory usage issues with Redis. To fix this issue run the command 'echo never > /sys/kernel/mm/transparent_hugepage/enabled' as root, and add it to your /etc/rc.local in order to retain the setting after a reboot. Redis must be restarted after THP is disabled.
1:M 08 Jul 2019 01:01:13.100 * DB loaded from disk: 0.002 seconds
1:M 08 Jul 2019 01:01:13.103 * Ready to accept connections
1:M 08 Jul 2019 07:00:27.069 * 1 changes in 900 seconds. Saving...
1:M 08 Jul 2019 07:00:27.073 * Background saving started by pid 16
16:C 08 Jul 2019 07:00:27.079 * DB saved on disk
16:C 08 Jul 2019 07:00:27.083 * RDB: 0 MB of memory used by copy-on-write
1:M 08 Jul 2019 07:00:27.179 * Background saving terminated with success
1:M 08 Jul 2019 09:15:20.534 * 1 changes in 900 seconds. Saving...
1:M 08 Jul 2019 09:15:20.538 * Background saving started by pid 17
17:C 08 Jul 2019 09:15:20.543 * DB saved on disk
17:C 08 Jul 2019 09:15:20.557 * RDB: 0 MB of memory used by copy-on-write
1:M 08 Jul 2019 09:15:20.641 * Background saving terminated with success
1:M 08 Jul 2019 09:30:21.060 * 1 changes in 900 seconds. Saving...
1:M 08 Jul 2019 09:30:21.063 * Background saving started by pid 18
18:C 08 Jul 2019 09:30:21.066 * DB saved on disk
18:C 08 Jul 2019 09:30:21.068 * RDB: 0 MB of memory used by copy-on-write
1:M 08 Jul 2019 09:30:21.167 * Background saving terminated with success
1:signal-handler (1562578858) Received SIGTERM scheduling shutdown...
1:M 08 Jul 2019 09:40:58.767 # User requested shutdown...
1:M 08 Jul 2019 09:40:58.769 * Saving the final RDB snapshot before exiting.
1:M 08 Jul 2019 09:40:58.775 * DB saved on disk
1:M 08 Jul 2019 09:40:58.776 * Removing the pid file.
1:M 08 Jul 2019 09:40:58.778 # Redis is now ready to exit, bye bye...
1:C 08 Jul 2019 09:41:07.295 # oO0OoO0OoO0Oo Redis is starting oO0OoO0OoO0Oo
1:C 08 Jul 2019 09:41:07.297 # Redis version=5.0.5, bits=64, commit=00000000, modified=0, pid=1, just started
1:C 08 Jul 2019 09:41:07.299 # Configuration loaded
                _._                                                  
           _.-``__ ''-._                                             
      _.-``    `.  `_.  ''-._           Redis 5.0.5 (00000000/0) 64 bit
  .-`` .-```.  ```\/    _.,_ ''-._                                   
 (    '      ,       .-`  | `,    )     Running in standalone mode
 |`-._`-...-` __...-.``-._|'` _.-'|     Port: 6379
 |    `-._   `._    /     _.-'    |     PID: 1
  `-._    `-._  `-./  _.-'    _.-'                                   
 |`-._`-._    `-.__.-'    _.-'_.-'|                                  
 |    `-._`-._        _.-'_.-'    |           http://redis.io        
  `-._    `-._`-.__.-'_.-'    _.-'                                   
 |`-._`-._    `-.__.-'    _.-'_.-'|                                  
 |    `-._`-._        _.-'_.-'    |                                  
  `-._    `-._`-.__.-'_.-'    _.-'                                   
      `-._    `-.__.-'    _.-'                                       
          `-._        _.-'                                           
              `-.__.-'                                               

1:M 08 Jul 2019 09:41:07.303 # WARNING: The TCP backlog setting of 511 cannot be enforced because /proc/sys/net/core/somaxconn is set to the lower value of 128.
1:M 08 Jul 2019 09:41:07.310 # Server initialized
1:M 08 Jul 2019 09:41:07.313 # WARNING you have Transparent Huge Pages (THP) support enabled in your kernel. This will create latency and memory usage issues with Redis. To fix this issue run the command 'echo never > /sys/kernel/mm/transparent_hugepage/enabled' as root, and add it to your /etc/rc.local in order to retain the setting after a reboot. Redis must be restarted after THP is disabled.
1:M 08 Jul 2019 09:41:07.314 * Ready to accept connections
1:C 09 Jul 2019 01:14:02.522 # oO0OoO0OoO0Oo Redis is starting oO0OoO0OoO0Oo
1:C 09 Jul 2019 01:14:02.527 # Redis version=5.0.5, bits=64, commit=00000000, modified=0, pid=1, just started
1:C 09 Jul 2019 01:14:02.533 # Configuration loaded
                _._                                                  
           _.-``__ ''-._                                             
      _.-``    `.  `_.  ''-._           Redis 5.0.5 (00000000/0) 64 bit
  .-`` .-```.  ```\/    _.,_ ''-._                                   
 (    '      ,       .-`  | `,    )     Running in standalone mode
 |`-._`-...-` __...-.``-._|'` _.-'|     Port: 6379
 |    `-._   `._    /     _.-'    |     PID: 1
  `-._    `-._  `-./  _.-'    _.-'                                   
 |`-._`-._    `-.__.-'    _.-'_.-'|                                  
 |    `-._`-._        _.-'_.-'    |           http://redis.io        
  `-._    `-._`-.__.-'_.-'    _.-'                                   
 |`-._`-._    `-.__.-'    _.-'_.-'|                                  
 |    `-._`-._        _.-'_.-'    |                                  
  `-._    `-._`-.__.-'_.-'    _.-'                                   
      `-._    `-.__.-'    _.-'                                       
          `-._        _.-'                                           
              `-.__.-'                                               

1:M 09 Jul 2019 01:14:02.551 # WARNING: The TCP backlog setting of 511 cannot be enforced because /proc/sys/net/core/somaxconn is set to the lower value of 128.
1:M 09 Jul 2019 01:14:02.556 # Server initialized
1:M 09 Jul 2019 01:14:02.560 # WARNING you have Transparent Huge Pages (THP) support enabled in your kernel. This will create latency and memory usage issues with Redis. To fix this issue run the command 'echo never > /sys/kernel/mm/transparent_hugepage/enabled' as root, and add it to your /etc/rc.local in order to retain the setting after a reboot. Redis must be restarted after THP is disabled.
1:M 09 Jul 2019 01:14:02.564 * Ready to accept connections
1:signal-handler (1562655989) Received SIGTERM scheduling shutdown...
1:M 09 Jul 2019 07:06:29.873 # User requested shutdown...
1:M 09 Jul 2019 07:06:29.880 * Saving the final RDB snapshot before exiting.
1:M 09 Jul 2019 07:06:29.885 * DB saved on disk
1:M 09 Jul 2019 07:06:29.887 * Removing the pid file.
1:M 09 Jul 2019 07:06:29.890 # Redis is now ready to exit, bye bye...
1:C 11 Jul 2019 01:14:24.713 # oO0OoO0OoO0Oo Redis is starting oO0OoO0OoO0Oo
1:C 11 Jul 2019 01:14:24.719 # Redis version=5.0.5, bits=64, commit=00000000, modified=0, pid=1, just started
1:C 11 Jul 2019 01:14:24.724 # Configuration loaded
                _._                                                  
           _.-``__ ''-._                                             
      _.-``    `.  `_.  ''-._           Redis 5.0.5 (00000000/0) 64 bit
  .-`` .-```.  ```\/    _.,_ ''-._                                   
 (    '      ,       .-`  | `,    )     Running in standalone mode
 |`-._`-...-` __...-.``-._|'` _.-'|     Port: 6379
 |    `-._   `._    /     _.-'    |     PID: 1
  `-._    `-._  `-./  _.-'    _.-'                                   
 |`-._`-._    `-.__.-'    _.-'_.-'|                                  
 |    `-._`-._        _.-'_.-'    |           http://redis.io        
  `-._    `-._`-.__.-'_.-'    _.-'                                   
 |`-._`-._    `-.__.-'    _.-'_.-'|                                  
 |    `-._`-._        _.-'_.-'    |                                  
  `-._    `-._`-.__.-'_.-'    _.-'                                   
      `-._    `-.__.-'    _.-'                                       
          `-._        _.-'                                           
              `-.__.-'                                               

1:M 11 Jul 2019 01:14:24.738 # WARNING: The TCP backlog setting of 511 cannot be enforced because /proc/sys/net/core/somaxconn is set to the lower value of 128.
1:M 11 Jul 2019 01:14:24.746 # Server initialized
1:M 11 Jul 2019 01:14:24.751 # WARNING you have Transparent Huge Pages (THP) support enabled in your kernel. This will create latency and memory usage issues with Redis. To fix this issue run the command 'echo never > /sys/kernel/mm/transparent_hugepage/enabled' as root, and add it to your /etc/rc.local in order to retain the setting after a reboot. Redis must be restarted after THP is disabled.
1:M 11 Jul 2019 01:14:24.755 * Ready to accept connections
1:signal-handler (1562807958) Received SIGTERM scheduling shutdown...
1:M 11 Jul 2019 01:19:18.122 # User requested shutdown...
1:M 11 Jul 2019 01:19:18.123 * Saving the final RDB snapshot before exiting.
1:M 11 Jul 2019 01:19:18.126 * DB saved on disk
1:M 11 Jul 2019 01:19:18.128 * Removing the pid file.
1:M 11 Jul 2019 01:19:18.129 # Redis is now ready to exit, bye bye...
1:C 12 Jul 2019 16:41:39.314 # oO0OoO0OoO0Oo Redis is starting oO0OoO0OoO0Oo
1:C 12 Jul 2019 16:41:39.316 # Redis version=5.0.5, bits=64, commit=00000000, modified=0, pid=1, just started
1:C 12 Jul 2019 16:41:39.318 # Configuration loaded
                _._                                                  
           _.-``__ ''-._                                             
      _.-``    `.  `_.  ''-._           Redis 5.0.5 (00000000/0) 64 bit
  .-`` .-```.  ```\/    _.,_ ''-._                                   
 (    '      ,       .-`  | `,    )     Running in standalone mode
 |`-._`-...-` __...-.``-._|'` _.-'|     Port: 6379
 |    `-._   `._    /     _.-'    |     PID: 1
  `-._    `-._  `-./  _.-'    _.-'                                   
 |`-._`-._    `-.__.-'    _.-'_.-'|                                  
 |    `-._`-._        _.-'_.-'    |           http://redis.io        
  `-._    `-._`-.__.-'_.-'    _.-'                                   
 |`-._`-._    `-.__.-'    _.-'_.-'|                                  
 |    `-._`-._        _.-'_.-'    |                                  
  `-._    `-._`-.__.-'_.-'    _.-'                                   
      `-._    `-.__.-'    _.-'                                       
          `-._        _.-'                                           
              `-.__.-'                                               

1:M 12 Jul 2019 16:41:39.322 # WARNING: The TCP backlog setting of 511 cannot be enforced because /proc/sys/net/core/somaxconn is set to the lower value of 128.
1:M 12 Jul 2019 16:41:39.323 # Server initialized
1:M 12 Jul 2019 16:41:39.325 # WARNING you have Transparent Huge Pages (THP) support enabled in your kernel. This will create latency and memory usage issues with Redis. To fix this issue run the command 'echo never > /sys/kernel/mm/transparent_hugepage/enabled' as root, and add it to your /etc/rc.local in order to retain the setting after a reboot. Redis must be restarted after THP is disabled.
1:M 12 Jul 2019 16:41:39.327 * Ready to accept connections
1:signal-handler (1562950356) Received SIGTERM scheduling shutdown...
1:M 12 Jul 2019 16:52:36.352 # User requested shutdown...
1:M 12 Jul 2019 16:52:36.353 * Saving the final RDB snapshot before exiting.
1:M 12 Jul 2019 16:52:36.356 * DB saved on disk
1:M 12 Jul 2019 16:52:36.357 * Removing the pid file.
1:M 12 Jul 2019 16:52:36.359 # Redis is now ready to exit, bye bye...
1:C 12 Jul 2019 16:52:39.346 # oO0OoO0OoO0Oo Redis is starting oO0OoO0OoO0Oo
1:C 12 Jul 2019 16:52:39.348 # Redis version=5.0.5, bits=64, commit=00000000, modified=0, pid=1, just started
1:C 12 Jul 2019 16:52:39.351 # Configuration loaded
                _._                                                  
           _.-``__ ''-._                                             
      _.-``    `.  `_.  ''-._           Redis 5.0.5 (00000000/0) 64 bit
  .-`` .-```.  ```\/    _.,_ ''-._                                   
 (    '      ,       .-`  | `,    )     Running in standalone mode
 |`-._`-...-` __...-.``-._|'` _.-'|     Port: 6379
 |    `-._   `._    /     _.-'    |     PID: 1
  `-._    `-._  `-./  _.-'    _.-'                                   
 |`-._`-._    `-.__.-'    _.-'_.-'|                                  
 |    `-._`-._        _.-'_.-'    |           http://redis.io        
  `-._    `-._`-.__.-'_.-'    _.-'                                   
 |`-._`-._    `-.__.-'    _.-'_.-'|                                  
 |    `-._`-._        _.-'_.-'    |                                  
  `-._    `-._`-.__.-'_.-'    _.-'                                   
      `-._    `-.__.-'    _.-'                                       
          `-._        _.-'                                           
              `-.__.-'                                               

1:M 12 Jul 2019 16:52:39.362 # WARNING: The TCP backlog setting of 511 cannot be enforced because /proc/sys/net/core/somaxconn is set to the lower value of 128.
1:M 12 Jul 2019 16:52:39.365 # Server initialized
1:M 12 Jul 2019 16:52:39.367 # WARNING you have Transparent Huge Pages (THP) support enabled in your kernel. This will create latency and memory usage issues with Redis. To fix this issue run the command 'echo never > /sys/kernel/mm/transparent_hugepage/enabled' as root, and add it to your /etc/rc.local in order to retain the setting after a reboot. Redis must be restarted after THP is disabled.
1:M 12 Jul 2019 16:52:39.371 * DB loaded from disk: 0.000 seconds
1:M 12 Jul 2019 16:52:39.372 * Ready to accept connections
1:signal-handler (1562950548) Received SIGTERM scheduling shutdown...
1:M 12 Jul 2019 16:55:48.997 # User requested shutdown...
1:M 12 Jul 2019 16:55:48.999 * Saving the final RDB snapshot before exiting.
1:M 12 Jul 2019 16:55:49.009 * DB saved on disk
1:M 12 Jul 2019 16:55:49.010 * Removing the pid file.
1:M 12 Jul 2019 16:55:49.011 # Redis is now ready to exit, bye bye...
1:C 12 Jul 2019 16:55:52.364 # oO0OoO0OoO0Oo Redis is starting oO0OoO0OoO0Oo
1:C 12 Jul 2019 16:55:52.366 # Redis version=5.0.5, bits=64, commit=00000000, modified=0, pid=1, just started
1:C 12 Jul 2019 16:55:52.369 # Configuration loaded
                _._                                                  
           _.-``__ ''-._                                             
      _.-``    `.  `_.  ''-._           Redis 5.0.5 (00000000/0) 64 bit
  .-`` .-```.  ```\/    _.,_ ''-._                                   
 (    '      ,       .-`  | `,    )     Running in standalone mode
 |`-._`-...-` __...-.``-._|'` _.-'|     Port: 6379
 |    `-._   `._    /     _.-'    |     PID: 1
  `-._    `-._  `-./  _.-'    _.-'                                   
 |`-._`-._    `-.__.-'    _.-'_.-'|                                  
 |    `-._`-._        _.-'_.-'    |           http://redis.io        
  `-._    `-._`-.__.-'_.-'    _.-'                                   
 |`-._`-._    `-.__.-'    _.-'_.-'|                                  
 |    `-._`-._        _.-'_.-'    |                                  
  `-._    `-._`-.__.-'_.-'    _.-'                                   
      `-._    `-.__.-'    _.-'                                       
          `-._        _.-'                                           
              `-.__.-'                                               

1:M 12 Jul 2019 16:55:52.380 # WARNING: The TCP backlog setting of 511 cannot be enforced because /proc/sys/net/core/somaxconn is set to the lower value of 128.
1:M 12 Jul 2019 16:55:52.384 # Server initialized
1:M 12 Jul 2019 16:55:52.387 # WARNING you have Transparent Huge Pages (THP) support enabled in your kernel. This will create latency and memory usage issues with Redis. To fix this issue run the command 'echo never > /sys/kernel/mm/transparent_hugepage/enabled' as root, and add it to your /etc/rc.local in order to retain the setting after a reboot. Redis must be restarted after THP is disabled.
1:M 12 Jul 2019 16:55:52.389 * DB loaded from disk: 0.000 seconds
1:M 12 Jul 2019 16:55:52.393 * Ready to accept connections
1:signal-handler (1562951575) Received SIGTERM scheduling shutdown...
1:M 12 Jul 2019 17:12:55.601 # User requested shutdown...
1:M 12 Jul 2019 17:12:55.603 * Saving the final RDB snapshot before exiting.
1:M 12 Jul 2019 17:12:55.608 * DB saved on disk
1:M 12 Jul 2019 17:12:55.610 * Removing the pid file.
1:M 12 Jul 2019 17:12:55.611 # Redis is now ready to exit, bye bye...
1:C 12 Jul 2019 17:12:58.584 # oO0OoO0OoO0Oo Redis is starting oO0OoO0OoO0Oo
1:C 12 Jul 2019 17:12:58.586 # Redis version=5.0.5, bits=64, commit=00000000, modified=0, pid=1, just started
1:C 12 Jul 2019 17:12:58.590 # Configuration loaded
                _._                                                  
           _.-``__ ''-._                                             
      _.-``    `.  `_.  ''-._           Redis 5.0.5 (00000000/0) 64 bit
  .-`` .-```.  ```\/    _.,_ ''-._                                   
 (    '      ,       .-`  | `,    )     Running in standalone mode
 |`-._`-...-` __...-.``-._|'` _.-'|     Port: 6379
 |    `-._   `._    /     _.-'    |     PID: 1
  `-._    `-._  `-./  _.-'    _.-'                                   
 |`-._`-._    `-.__.-'    _.-'_.-'|                                  
 |    `-._`-._        _.-'_.-'    |           http://redis.io        
  `-._    `-._`-.__.-'_.-'    _.-'                                   
 |`-._`-._    `-.__.-'    _.-'_.-'|                                  
 |    `-._`-._        _.-'_.-'    |                                  
  `-._    `-._`-.__.-'_.-'    _.-'                                   
      `-._    `-.__.-'    _.-'                                       
          `-._        _.-'                                           
              `-.__.-'                                               

1:M 12 Jul 2019 17:12:58.599 # WARNING: The TCP backlog setting of 511 cannot be enforced because /proc/sys/net/core/somaxconn is set to the lower value of 128.
1:M 12 Jul 2019 17:12:58.607 # Server initialized
1:M 12 Jul 2019 17:12:58.610 # WARNING you have Transparent Huge Pages (THP) support enabled in your kernel. This will create latency and memory usage issues with Redis. To fix this issue run the command 'echo never > /sys/kernel/mm/transparent_hugepage/enabled' as root, and add it to your /etc/rc.local in order to retain the setting after a reboot. Redis must be restarted after THP is disabled.
1:M 12 Jul 2019 17:12:58.616 * DB loaded from disk: 0.000 seconds
1:M 12 Jul 2019 17:12:58.618 * Ready to accept connections
1:signal-handler (1562951612) Received SIGTERM scheduling shutdown...
1:M 12 Jul 2019 17:13:32.567 # User requested shutdown...
1:M 12 Jul 2019 17:13:32.571 * Saving the final RDB snapshot before exiting.
1:M 12 Jul 2019 17:13:32.574 * DB saved on disk
1:M 12 Jul 2019 17:13:32.575 * Removing the pid file.
1:M 12 Jul 2019 17:13:32.577 # Redis is now ready to exit, bye bye...
1:C 12 Jul 2019 17:13:35.392 # oO0OoO0OoO0Oo Redis is starting oO0OoO0OoO0Oo
1:C 12 Jul 2019 17:13:35.394 # Redis version=5.0.5, bits=64, commit=00000000, modified=0, pid=1, just started
1:C 12 Jul 2019 17:13:35.396 # Configuration loaded
                _._                                                  
           _.-``__ ''-._                                             
      _.-``    `.  `_.  ''-._           Redis 5.0.5 (00000000/0) 64 bit
  .-`` .-```.  ```\/    _.,_ ''-._                                   
 (    '      ,       .-`  | `,    )     Running in standalone mode
 |`-._`-...-` __...-.``-._|'` _.-'|     Port: 6379
 |    `-._   `._    /     _.-'    |     PID: 1
  `-._    `-._  `-./  _.-'    _.-'                                   
 |`-._`-._    `-.__.-'    _.-'_.-'|                                  
 |    `-._`-._        _.-'_.-'    |           http://redis.io        
  `-._    `-._`-.__.-'_.-'    _.-'                                   
 |`-._`-._    `-.__.-'    _.-'_.-'|                                  
 |    `-._`-._        _.-'_.-'    |                                  
  `-._    `-._`-.__.-'_.-'    _.-'                                   
      `-._    `-.__.-'    _.-'                                       
          `-._        _.-'                                           
              `-.__.-'                                               

1:M 12 Jul 2019 17:13:35.402 # WARNING: The TCP backlog setting of 511 cannot be enforced because /proc/sys/net/core/somaxconn is set to the lower value of 128.
1:M 12 Jul 2019 17:13:35.405 # Server initialized
1:M 12 Jul 2019 17:13:35.412 # WARNING you have Transparent Huge Pages (THP) support enabled in your kernel. This will create latency and memory usage issues with Redis. To fix this issue run the command 'echo never > /sys/kernel/mm/transparent_hugepage/enabled' as root, and add it to your /etc/rc.local in order to retain the setting after a reboot. Redis must be restarted after THP is disabled.
1:M 12 Jul 2019 17:13:35.415 * DB loaded from disk: 0.000 seconds
1:M 12 Jul 2019 17:13:35.417 * Ready to accept connections
1:signal-handler (1562951685) Received SIGTERM scheduling shutdown...
1:M 12 Jul 2019 17:14:45.481 # User requested shutdown...
1:M 12 Jul 2019 17:14:45.482 * Saving the final RDB snapshot before exiting.
1:M 12 Jul 2019 17:14:45.486 * DB saved on disk
1:M 12 Jul 2019 17:14:45.487 * Removing the pid file.
1:M 12 Jul 2019 17:14:45.489 # Redis is now ready to exit, bye bye...
1:C 12 Jul 2019 17:14:48.451 # oO0OoO0OoO0Oo Redis is starting oO0OoO0OoO0Oo
1:C 12 Jul 2019 17:14:48.454 # Redis version=5.0.5, bits=64, commit=00000000, modified=0, pid=1, just started
1:C 12 Jul 2019 17:14:48.458 # Configuration loaded
                _._                                                  
           _.-``__ ''-._                                             
      _.-``    `.  `_.  ''-._           Redis 5.0.5 (00000000/0) 64 bit
  .-`` .-```.  ```\/    _.,_ ''-._                                   
 (    '      ,       .-`  | `,    )     Running in standalone mode
 |`-._`-...-` __...-.``-._|'` _.-'|     Port: 6379
 |    `-._   `._    /     _.-'    |     PID: 1
  `-._    `-._  `-./  _.-'    _.-'                                   
 |`-._`-._    `-.__.-'    _.-'_.-'|                                  
 |    `-._`-._        _.-'_.-'    |           http://redis.io        
  `-._    `-._`-.__.-'_.-'    _.-'                                   
 |`-._`-._    `-.__.-'    _.-'_.-'|                                  
 |    `-._`-._        _.-'_.-'    |                                  
  `-._    `-._`-.__.-'_.-'    _.-'                                   
      `-._    `-.__.-'    _.-'                                       
          `-._        _.-'                                           
              `-.__.-'                                               

1:M 12 Jul 2019 17:14:48.463 # WARNING: The TCP backlog setting of 511 cannot be enforced because /proc/sys/net/core/somaxconn is set to the lower value of 128.
1:M 12 Jul 2019 17:14:48.466 # Server initialized
1:M 12 Jul 2019 17:14:48.468 # WARNING you have Transparent Huge Pages (THP) support enabled in your kernel. This will create latency and memory usage issues with Redis. To fix this issue run the command 'echo never > /sys/kernel/mm/transparent_hugepage/enabled' as root, and add it to your /etc/rc.local in order to retain the setting after a reboot. Redis must be restarted after THP is disabled.
1:M 12 Jul 2019 17:14:48.470 * DB loaded from disk: 0.000 seconds
1:M 12 Jul 2019 17:14:48.473 * Ready to accept connections
1:signal-handler (1562951800) Received SIGTERM scheduling shutdown...
1:M 12 Jul 2019 17:16:40.300 # User requested shutdown...
1:M 12 Jul 2019 17:16:40.304 * Saving the final RDB snapshot before exiting.
1:M 12 Jul 2019 17:16:40.310 * DB saved on disk
1:M 12 Jul 2019 17:16:40.312 * Removing the pid file.
1:M 12 Jul 2019 17:16:40.313 # Redis is now ready to exit, bye bye...
1:C 12 Jul 2019 17:16:43.281 # oO0OoO0OoO0Oo Redis is starting oO0OoO0OoO0Oo
1:C 12 Jul 2019 17:16:43.284 # Redis version=5.0.5, bits=64, commit=00000000, modified=0, pid=1, just started
1:C 12 Jul 2019 17:16:43.286 # Configuration loaded
                _._                                                  
           _.-``__ ''-._                                             
      _.-``    `.  `_.  ''-._           Redis 5.0.5 (00000000/0) 64 bit
  .-`` .-```.  ```\/    _.,_ ''-._                                   
 (    '      ,       .-`  | `,    )     Running in standalone mode
 |`-._`-...-` __...-.``-._|'` _.-'|     Port: 6379
 |    `-._   `._    /     _.-'    |     PID: 1
  `-._    `-._  `-./  _.-'    _.-'                                   
 |`-._`-._    `-.__.-'    _.-'_.-'|                                  
 |    `-._`-._        _.-'_.-'    |           http://redis.io        
  `-._    `-._`-.__.-'_.-'    _.-'                                   
 |`-._`-._    `-.__.-'    _.-'_.-'|                                  
 |    `-._`-._        _.-'_.-'    |                                  
  `-._    `-._`-.__.-'_.-'    _.-'                                   
      `-._    `-.__.-'    _.-'                                       
          `-._        _.-'                                           
              `-.__.-'                                               

1:M 12 Jul 2019 17:16:43.300 # WARNING: The TCP backlog setting of 511 cannot be enforced because /proc/sys/net/core/somaxconn is set to the lower value of 128.
1:M 12 Jul 2019 17:16:43.303 # Server initialized
1:M 12 Jul 2019 17:16:43.306 # WARNING you have Transparent Huge Pages (THP) support enabled in your kernel. This will create latency and memory usage issues with Redis. To fix this issue run the command 'echo never > /sys/kernel/mm/transparent_hugepage/enabled' as root, and add it to your /etc/rc.local in order to retain the setting after a reboot. Redis must be restarted after THP is disabled.
1:M 12 Jul 2019 17:16:43.308 * DB loaded from disk: 0.000 seconds
1:M 12 Jul 2019 17:16:43.309 * Ready to accept connections
1:signal-handler (1562951857) Received SIGTERM scheduling shutdown...
1:M 12 Jul 2019 17:17:37.732 # User requested shutdown...
1:M 12 Jul 2019 17:17:37.737 * Saving the final RDB snapshot before exiting.
1:M 12 Jul 2019 17:17:37.742 * DB saved on disk
1:M 12 Jul 2019 17:17:37.744 * Removing the pid file.
1:M 12 Jul 2019 17:17:37.746 # Redis is now ready to exit, bye bye...
1:C 12 Jul 2019 17:17:40.525 # oO0OoO0OoO0Oo Redis is starting oO0OoO0OoO0Oo
1:C 12 Jul 2019 17:17:40.527 # Redis version=5.0.5, bits=64, commit=00000000, modified=0, pid=1, just started
1:C 12 Jul 2019 17:17:40.529 # Configuration loaded
                _._                                                  
           _.-``__ ''-._                                             
      _.-``    `.  `_.  ''-._           Redis 5.0.5 (00000000/0) 64 bit
  .-`` .-```.  ```\/    _.,_ ''-._                                   
 (    '      ,       .-`  | `,    )     Running in standalone mode
 |`-._`-...-` __...-.``-._|'` _.-'|     Port: 6379
 |    `-._   `._    /     _.-'    |     PID: 1
  `-._    `-._  `-./  _.-'    _.-'                                   
 |`-._`-._    `-.__.-'    _.-'_.-'|                                  
 |    `-._`-._        _.-'_.-'    |           http://redis.io        
  `-._    `-._`-.__.-'_.-'    _.-'                                   
 |`-._`-._    `-.__.-'    _.-'_.-'|                                  
 |    `-._`-._        _.-'_.-'    |                                  
  `-._    `-._`-.__.-'_.-'    _.-'                                   
      `-._    `-.__.-'    _.-'                                       
          `-._        _.-'                                           
              `-.__.-'                                               

1:M 12 Jul 2019 17:17:40.536 # WARNING: The TCP backlog setting of 511 cannot be enforced because /proc/sys/net/core/somaxconn is set to the lower value of 128.
1:M 12 Jul 2019 17:17:40.539 # Server initialized
1:M 12 Jul 2019 17:17:40.542 # WARNING you have Transparent Huge Pages (THP) support enabled in your kernel. This will create latency and memory usage issues with Redis. To fix this issue run the command 'echo never > /sys/kernel/mm/transparent_hugepage/enabled' as root, and add it to your /etc/rc.local in order to retain the setting after a reboot. Redis must be restarted after THP is disabled.
1:M 12 Jul 2019 17:17:40.545 * DB loaded from disk: 0.000 seconds
1:M 12 Jul 2019 17:17:40.547 * Ready to accept connections
1:signal-handler (1563080385) Received SIGTERM scheduling shutdown...
1:M 14 Jul 2019 04:59:45.614 # User requested shutdown...
1:M 14 Jul 2019 04:59:45.617 * Saving the final RDB snapshot before exiting.
1:M 14 Jul 2019 04:59:45.628 * DB saved on disk
1:M 14 Jul 2019 04:59:45.630 * Removing the pid file.
1:M 14 Jul 2019 04:59:45.631 # Redis is now ready to exit, bye bye...
1:C 14 Jul 2019 04:59:50.573 # oO0OoO0OoO0Oo Redis is starting oO0OoO0OoO0Oo
1:C 14 Jul 2019 04:59:50.576 # Redis version=5.0.5, bits=64, commit=00000000, modified=0, pid=1, just started
1:C 14 Jul 2019 04:59:50.579 # Configuration loaded
                _._                                                  
           _.-``__ ''-._                                             
      _.-``    `.  `_.  ''-._           Redis 5.0.5 (00000000/0) 64 bit
  .-`` .-```.  ```\/    _.,_ ''-._                                   
 (    '      ,       .-`  | `,    )     Running in standalone mode
 |`-._`-...-` __...-.``-._|'` _.-'|     Port: 6379
 |    `-._   `._    /     _.-'    |     PID: 1
  `-._    `-._  `-./  _.-'    _.-'                                   
 |`-._`-._    `-.__.-'    _.-'_.-'|                                  
 |    `-._`-._        _.-'_.-'    |           http://redis.io        
  `-._    `-._`-.__.-'_.-'    _.-'                                   
 |`-._`-._    `-.__.-'    _.-'_.-'|                                  
 |    `-._`-._        _.-'_.-'    |                                  
  `-._    `-._`-.__.-'_.-'    _.-'                                   
      `-._    `-.__.-'    _.-'                                       
          `-._        _.-'                                           
              `-.__.-'                                               

1:M 14 Jul 2019 04:59:50.587 # WARNING: The TCP backlog setting of 511 cannot be enforced because /proc/sys/net/core/somaxconn is set to the lower value of 128.
1:M 14 Jul 2019 04:59:50.589 # Server initialized
1:M 14 Jul 2019 04:59:50.592 # WARNING you have Transparent Huge Pages (THP) support enabled in your kernel. This will create latency and memory usage issues with Redis. To fix this issue run the command 'echo never > /sys/kernel/mm/transparent_hugepage/enabled' as root, and add it to your /etc/rc.local in order to retain the setting after a reboot. Redis must be restarted after THP is disabled.
1:M 14 Jul 2019 04:59:50.594 * DB loaded from disk: 0.000 seconds
1:M 14 Jul 2019 04:59:50.596 * Ready to accept connections
1:signal-handler (1563368763) Received SIGTERM scheduling shutdown...
1:M 17 Jul 2019 13:06:03.640 # User requested shutdown...
1:M 17 Jul 2019 13:06:03.643 * Saving the final RDB snapshot before exiting.
1:M 17 Jul 2019 13:06:03.648 * DB saved on disk
1:M 17 Jul 2019 13:06:03.650 * Removing the pid file.
1:M 17 Jul 2019 13:06:03.651 # Redis is now ready to exit, bye bye...
